c:\users\praneel\documents\visual studio 2013\projects\compmethods3\allegro game development\aliencode 2.0 - 13 april backup\aliencode 2.0\aliencode\debug\vc140.pdb
c:\users\praneel\documents\visual studio 2013\projects\compmethods3\allegro game development\aliencode 2.0 - 13 april backup\aliencode 2.0\aliencode\debug\vc140.idb
c:\users\praneel\documents\visual studio 2013\projects\compmethods3\allegro game development\aliencode 2.0 - 13 april backup\aliencode 2.0\aliencode\debug\alien.obj
c:\users\praneel\documents\visual studio 2013\projects\compmethods3\allegro game development\aliencode 2.0 - 13 april backup\aliencode 2.0\aliencode\debug\alienbullet.obj
c:\users\praneel\documents\visual studio 2013\projects\compmethods3\allegro game development\aliencode 2.0 - 13 april backup\aliencode 2.0\aliencode\debug\asteroid.obj
c:\users\praneel\documents\visual studio 2013\projects\compmethods3\allegro game development\aliencode 2.0 - 13 april backup\aliencode 2.0\aliencode\debug\background.obj
c:\users\praneel\documents\visual studio 2013\projects\compmethods3\allegro game development\aliencode 2.0 - 13 april backup\aliencode 2.0\aliencode\debug\baseobject.obj
c:\users\praneel\documents\visual studio 2013\projects\compmethods3\allegro game development\aliencode 2.0 - 13 april backup\aliencode 2.0\aliencode\debug\subboss.obj
c:\users\praneel\documents\visual studio 2013\projects\compmethods3\allegro game development\aliencode 2.0 - 13 april backup\aliencode 2.0\aliencode\debug\bullet.obj
c:\users\praneel\documents\visual studio 2013\projects\compmethods3\allegro game development\aliencode 2.0 - 13 april backup\aliencode 2.0\aliencode\debug\explosion.obj
c:\users\praneel\documents\visual studio 2013\projects\compmethods3\allegro game development\aliencode 2.0 - 13 april backup\aliencode 2.0\aliencode\debug\main.obj
c:\users\praneel\documents\visual studio 2013\projects\compmethods3\allegro game development\aliencode 2.0 - 13 april backup\aliencode 2.0\aliencode\debug\powerup.obj
c:\users\praneel\documents\visual studio 2013\projects\compmethods3\allegro game development\aliencode 2.0 - 13 april backup\aliencode 2.0\aliencode\debug\spaceship.obj
c:\users\praneel\documents\visual studio 2013\projects\compmethods3\allegro game development\aliencode 2.0 - 13 april backup\aliencode 2.0\debug\aliencode.ilk
c:\users\praneel\documents\visual studio 2013\projects\compmethods3\allegro game development\aliencode 2.0 - 13 april backup\aliencode 2.0\debug\aliencode.exe
c:\users\praneel\documents\visual studio 2013\projects\compmethods3\allegro game development\aliencode 2.0 - 13 april backup\aliencode 2.0\debug\aliencode.pdb
c:\users\praneel\documents\visual studio 2013\projects\compmethods3\allegro game development\aliencode 2.0 - 13 april backup\aliencode 2.0\aliencode\debug\aliencode.tlog\cl.command.1.tlog
c:\users\praneel\documents\visual studio 2013\projects\compmethods3\allegro game development\aliencode 2.0 - 13 april backup\aliencode 2.0\aliencode\debug\aliencode.tlog\cl.read.1.tlog
c:\users\praneel\documents\visual studio 2013\projects\compmethods3\allegro game development\aliencode 2.0 - 13 april backup\aliencode 2.0\aliencode\debug\aliencode.tlog\cl.write.1.tlog
c:\users\praneel\documents\visual studio 2013\projects\compmethods3\allegro game development\aliencode 2.0 - 13 april backup\aliencode 2.0\aliencode\debug\aliencode.tlog\link.command.1.tlog
c:\users\praneel\documents\visual studio 2013\projects\compmethods3\allegro game development\aliencode 2.0 - 13 april backup\aliencode 2.0\aliencode\debug\aliencode.tlog\link.read.1.tlog
c:\users\praneel\documents\visual studio 2013\projects\compmethods3\allegro game development\aliencode 2.0 - 13 april backup\aliencode 2.0\aliencode\debug\aliencode.tlog\link.write.1.tlog
