c:\users\praneel\documents\visual studio 2013\projects\compmethods3\allegro game development\aliencode 2.0 - 13 april backup\aliencode 2.0\aliencode\release\vc120.pdb
c:\users\praneel\documents\visual studio 2013\projects\compmethods3\allegro game development\aliencode 2.0 - 13 april backup\aliencode 2.0\aliencode\release\spaceship.obj
c:\users\praneel\documents\visual studio 2013\projects\compmethods3\allegro game development\aliencode 2.0 - 13 april backup\aliencode 2.0\aliencode\release\powerup.obj
c:\users\praneel\documents\visual studio 2013\projects\compmethods3\allegro game development\aliencode 2.0 - 13 april backup\aliencode 2.0\aliencode\release\main.obj
c:\users\praneel\documents\visual studio 2013\projects\compmethods3\allegro game development\aliencode 2.0 - 13 april backup\aliencode 2.0\aliencode\release\explosion.obj
c:\users\praneel\documents\visual studio 2013\projects\compmethods3\allegro game development\aliencode 2.0 - 13 april backup\aliencode 2.0\aliencode\release\bullet.obj
c:\users\praneel\documents\visual studio 2013\projects\compmethods3\allegro game development\aliencode 2.0 - 13 april backup\aliencode 2.0\aliencode\release\subboss.obj
c:\users\praneel\documents\visual studio 2013\projects\compmethods3\allegro game development\aliencode 2.0 - 13 april backup\aliencode 2.0\aliencode\release\baseobject.obj
c:\users\praneel\documents\visual studio 2013\projects\compmethods3\allegro game development\aliencode 2.0 - 13 april backup\aliencode 2.0\aliencode\release\background.obj
c:\users\praneel\documents\visual studio 2013\projects\compmethods3\allegro game development\aliencode 2.0 - 13 april backup\aliencode 2.0\aliencode\release\asteroid.obj
c:\users\praneel\documents\visual studio 2013\projects\compmethods3\allegro game development\aliencode 2.0 - 13 april backup\aliencode 2.0\aliencode\release\alienbullet.obj
c:\users\praneel\documents\visual studio 2013\projects\compmethods3\allegro game development\aliencode 2.0 - 13 april backup\aliencode 2.0\aliencode\release\alien.obj
c:\users\praneel\documents\visual studio 2013\projects\job prep code\galaxy guardian v1\release\aliencode.exe
c:\users\praneel\documents\visual studio 2013\projects\job prep code\galaxy guardian v1\release\aliencode.pdb
c:\users\praneel\documents\visual studio 2013\projects\compmethods3\allegro game development\aliencode 2.0 - 13 april backup\aliencode 2.0\aliencode\release\aliencode.tlog\cl.command.1.tlog
c:\users\praneel\documents\visual studio 2013\projects\compmethods3\allegro game development\aliencode 2.0 - 13 april backup\aliencode 2.0\aliencode\release\aliencode.tlog\cl.read.1.tlog
c:\users\praneel\documents\visual studio 2013\projects\compmethods3\allegro game development\aliencode 2.0 - 13 april backup\aliencode 2.0\aliencode\release\aliencode.tlog\cl.write.1.tlog
c:\users\praneel\documents\visual studio 2013\projects\compmethods3\allegro game development\aliencode 2.0 - 13 april backup\aliencode 2.0\aliencode\release\aliencode.tlog\link.command.1.tlog
c:\users\praneel\documents\visual studio 2013\projects\compmethods3\allegro game development\aliencode 2.0 - 13 april backup\aliencode 2.0\aliencode\release\aliencode.tlog\link.read.1.tlog
c:\users\praneel\documents\visual studio 2013\projects\compmethods3\allegro game development\aliencode 2.0 - 13 april backup\aliencode 2.0\aliencode\release\aliencode.tlog\link.write.1.tlog
